[INFO ] 2025-07-09 00:51:53.228   [main] c.a.p.ProductCatalogServiceApplication:53 - Starting ProductCatalogServiceApplication using Java 23.0.2 with PID 7476 (C:\Users\user\Desktop\java\Micro-services\ecommerce\product-catalog-service\target\classes started by user in C:\Users\user\Desktop\java\Micro-services\ecommerce\register-service)
[DEBUG] 2025-07-09 00:51:53.233   [main] c.a.p.ProductCatalogServiceApplication:54 - Running with Spring Boot v3.5.3, Spring v6.2.8
[INFO ] 2025-07-09 00:51:53.234   [main] c.a.p.ProductCatalogServiceApplication:652 - No active profile set, falling back to 1 default profile: "default"
[INFO ] 2025-07-09 00:51:56.132   [main] o.s.d.r.c.RepositoryConfigurationDelegate:145 - Bootstrapping Spring Data JPA repositories in DEFAULT mode.
[INFO ] 2025-07-09 00:51:56.301   [main] o.s.d.r.c.RepositoryConfigurationDelegate:213 - Finished Spring Data repository scanning in 144 ms. Found 3 JPA repository interfaces.
[INFO ] 2025-07-09 00:51:57.855   [main] o.s.b.w.e.t.TomcatWebServer:111 - Tomcat initialized with port 8085 (http)
[INFO ] 2025-07-09 00:51:57.884   [main] o.a.c.h.Http11NioProtocol:168 - Initializing ProtocolHandler ["http-nio-8085"]
[INFO ] 2025-07-09 00:51:57.888   [main] o.a.c.c.StandardService:168 - Starting service [Tomcat]
[INFO ] 2025-07-09 00:51:57.889   [main] o.a.c.c.StandardEngine:168 - Starting Servlet engine: [Apache Tomcat/10.1.42]
[INFO ] 2025-07-09 00:51:58.017   [main] o.a.c.c.C.[.[.[/]:168 - Initializing Spring embedded WebApplicationContext
[INFO ] 2025-07-09 00:51:58.018   [main] o.s.b.w.s.c.ServletWebServerApplicationContext:301 - Root WebApplicationContext: initialization completed in 4624 ms
[INFO ] 2025-07-09 00:51:58.659   [main] o.h.j.i.u.LogHelper:31 - HHH000204: Processing PersistenceUnitInfo [name: default]
[INFO ] 2025-07-09 00:51:58.809   [main] o.h.Version:44 - HHH000412: Hibernate ORM core version 6.6.18.Final
[INFO ] 2025-07-09 00:51:58.896   [main] o.h.c.i.RegionFactoryInitiator:50 - HHH000026: Second-level cache disabled
[INFO ] 2025-07-09 00:51:59.822   [main] o.s.o.j.p.SpringPersistenceUnitInfo:87 - No LoadTimeWeaver setup: ignoring JPA class transformer
[INFO ] 2025-07-09 00:51:59.908   [main] c.z.h.HikariDataSource:109 - HikariPool-1 - Starting...
[INFO ] 2025-07-09 00:52:00.381   [main] c.z.h.p.HikariPool:575 - HikariPool-1 - Added connection org.postgresql.jdbc.PgConnection@1f3361e9
[INFO ] 2025-07-09 00:52:00.385   [main] c.z.h.HikariDataSource:122 - HikariPool-1 - Start completed.
[WARN ] 2025-07-09 00:52:00.458   [main] o.h.o.deprecation:153 - HHH90000025: PostgreSQLDialect does not need to be specified explicitly using 'hibernate.dialect' (remove the property setting and it will be selected by default)
[INFO ] 2025-07-09 00:52:00.502   [main] o.h.o.c.pooling:163 - HHH10001005: Database info:
	Database JDBC URL [Connecting through datasource 'HikariDataSource (HikariPool-1)']
	Database driver: undefined/unknown
	Database version: 17.2
	Autocommit mode: undefined/unknown
	Isolation level: undefined/unknown
	Minimum pool size: undefined/unknown
	Maximum pool size: undefined/unknown
[INFO ] 2025-07-09 00:52:03.363   [main] o.h.e.t.j.p.i.JtaPlatformInitiator:59 - HHH000489: No JTA platform available (set 'hibernate.transaction.jta.platform' to enable JTA platform integration)
[INFO ] 2025-07-09 00:52:03.957   [main] o.s.o.j.LocalContainerEntityManagerFactoryBean:447 - Initialized JPA EntityManagerFactory for persistence unit 'default'
[WARN ] 2025-07-09 00:52:06.054   [main] o.s.b.a.o.j.JpaBaseConfiguration$JpaWebConfiguration:258 - spring.jpa.open-in-view is enabled by default. Therefore, database queries may be performed during view rendering. Explicitly configure spring.jpa.open-in-view to disable this warning
[INFO ] 2025-07-09 00:52:07.160   [main] o.s.b.a.e.w.EndpointLinksResolver:60 - Exposing 1 endpoint beneath base path '/actuator'
[INFO ] 2025-07-09 00:52:07.269   [main] o.a.c.h.Http11NioProtocol:168 - Starting ProtocolHandler ["http-nio-8085"]
[INFO ] 2025-07-09 00:52:07.301   [main] o.s.b.w.e.t.TomcatWebServer:243 - Tomcat started on port 8085 (http) with context path '/'
[INFO ] 2025-07-09 00:52:07.338   [main] c.a.p.ProductCatalogServiceApplication:59 - Started ProductCatalogServiceApplication in 15.116 seconds (process running for 18.182)
[INFO ] 2025-07-09 00:52:47.459   [http-nio-8085-exec-1] o.a.c.c.C.[.[.[/]:168 - Initializing Spring DispatcherServlet 'dispatcherServlet'
[INFO ] 2025-07-09 00:52:47.460   [http-nio-8085-exec-1] o.s.w.s.DispatcherServlet:532 - Initializing Servlet 'dispatcherServlet'
[INFO ] 2025-07-09 00:52:47.461   [http-nio-8085-exec-1] o.s.w.s.DispatcherServlet:554 - Completed initialization in 1 ms
[INFO ] 2025-07-09 00:53:13.638   [http-nio-8085-exec-4] c.a.p.s.ProductServiceImpl:42 - The Category for the product :: Category(id=1, name=Electronics, description=Devices, gadgets, and accessories including mobiles, laptops, tablet and wearables., products=[])
[INFO ] 2025-07-09 00:53:52.928   [http-nio-8085-exec-5] c.a.p.s.ProductServiceImpl:42 - The Category for the product :: [FAILED toString()]
[INFO ] 2025-07-09 00:54:00.677   [http-nio-8085-exec-6] c.a.p.s.ProductServiceImpl:42 - The Category for the product :: Category(id=3, name=Home Appliances, description=Household equipment like refrigerators, washing machines, and air conditioners., products=[])
[INFO ] 2025-07-09 00:54:10.431   [http-nio-8085-exec-7] c.a.p.s.ProductServiceImpl:42 - The Category for the product :: Category(id=2, name=Clothing, description=Apparel for men, women, and kids including shirts, trousers, and dresses., products=[])
[INFO ] 2025-07-09 00:54:39.950   [http-nio-8085-exec-9] c.a.p.s.ProductServiceImpl:57 - The number of product :: 4
[INFO ] 2025-07-09 00:56:56.638   [SpringApplicationShutdownHook] o.s.b.w.e.t.GracefulShutdown:54 - Commencing graceful shutdown. Waiting for active requests to complete
[INFO ] 2025-07-09 00:56:56.657   [tomcat-shutdown] o.s.b.w.e.t.GracefulShutdown:76 - Graceful shutdown complete
[INFO ] 2025-07-09 00:56:56.664   [SpringApplicationShutdownHook] o.s.o.j.LocalContainerEntityManagerFactoryBean:660 - Closing JPA EntityManagerFactory for persistence unit 'default'
[INFO ] 2025-07-09 00:56:56.667   [SpringApplicationShutdownHook] c.z.h.HikariDataSource:349 - HikariPool-1 - Shutdown initiated...
[INFO ] 2025-07-09 00:56:56.687   [SpringApplicationShutdownHook] c.z.h.HikariDataSource:351 - HikariPool-1 - Shutdown completed.
[INFO ] 2025-07-09 00:57:04.711   [main] c.a.p.ProductCatalogServiceApplication:53 - Starting ProductCatalogServiceApplication using Java 23.0.2 with PID 13684 (C:\Users\user\Desktop\java\Micro-services\ecommerce\product-catalog-service\target\classes started by user in C:\Users\user\Desktop\java\Micro-services\ecommerce\register-service)
[DEBUG] 2025-07-09 00:57:04.717   [main] c.a.p.ProductCatalogServiceApplication:54 - Running with Spring Boot v3.5.3, Spring v6.2.8
[INFO ] 2025-07-09 00:57:04.719   [main] c.a.p.ProductCatalogServiceApplication:652 - No active profile set, falling back to 1 default profile: "default"
[INFO ] 2025-07-09 00:57:07.380   [main] o.s.d.r.c.RepositoryConfigurationDelegate:145 - Bootstrapping Spring Data JPA repositories in DEFAULT mode.
[INFO ] 2025-07-09 00:57:07.608   [main] o.s.d.r.c.RepositoryConfigurationDelegate:213 - Finished Spring Data repository scanning in 191 ms. Found 3 JPA repository interfaces.
[INFO ] 2025-07-09 00:57:09.985   [main] o.s.b.w.e.t.TomcatWebServer:111 - Tomcat initialized with port 8085 (http)
[INFO ] 2025-07-09 00:57:10.012   [main] o.a.c.h.Http11NioProtocol:168 - Initializing ProtocolHandler ["http-nio-8085"]
[INFO ] 2025-07-09 00:57:10.017   [main] o.a.c.c.StandardService:168 - Starting service [Tomcat]
[INFO ] 2025-07-09 00:57:10.017   [main] o.a.c.c.StandardEngine:168 - Starting Servlet engine: [Apache Tomcat/10.1.42]
[INFO ] 2025-07-09 00:57:10.153   [main] o.a.c.c.C.[.[.[/]:168 - Initializing Spring embedded WebApplicationContext
[INFO ] 2025-07-09 00:57:10.154   [main] o.s.b.w.s.c.ServletWebServerApplicationContext:301 - Root WebApplicationContext: initialization completed in 5242 ms
[INFO ] 2025-07-09 00:57:10.857   [main] o.h.j.i.u.LogHelper:31 - HHH000204: Processing PersistenceUnitInfo [name: default]
[INFO ] 2025-07-09 00:57:10.995   [main] o.h.Version:44 - HHH000412: Hibernate ORM core version 6.6.18.Final
[INFO ] 2025-07-09 00:57:11.073   [main] o.h.c.i.RegionFactoryInitiator:50 - HHH000026: Second-level cache disabled
[INFO ] 2025-07-09 00:57:11.838   [main] o.s.o.j.p.SpringPersistenceUnitInfo:87 - No LoadTimeWeaver setup: ignoring JPA class transformer
[INFO ] 2025-07-09 00:57:11.904   [main] c.z.h.HikariDataSource:109 - HikariPool-1 - Starting...
[INFO ] 2025-07-09 00:57:12.306   [main] c.z.h.p.HikariPool:575 - HikariPool-1 - Added connection org.postgresql.jdbc.PgConnection@4627dfda
[INFO ] 2025-07-09 00:57:12.309   [main] c.z.h.HikariDataSource:122 - HikariPool-1 - Start completed.
[WARN ] 2025-07-09 00:57:12.377   [main] o.h.o.deprecation:153 - HHH90000025: PostgreSQLDialect does not need to be specified explicitly using 'hibernate.dialect' (remove the property setting and it will be selected by default)
[INFO ] 2025-07-09 00:57:12.425   [main] o.h.o.c.pooling:163 - HHH10001005: Database info:
	Database JDBC URL [Connecting through datasource 'HikariDataSource (HikariPool-1)']
	Database driver: undefined/unknown
	Database version: 17.2
	Autocommit mode: undefined/unknown
	Isolation level: undefined/unknown
	Minimum pool size: undefined/unknown
	Maximum pool size: undefined/unknown
[INFO ] 2025-07-09 00:57:14.811   [main] o.h.e.t.j.p.i.JtaPlatformInitiator:59 - HHH000489: No JTA platform available (set 'hibernate.transaction.jta.platform' to enable JTA platform integration)
[INFO ] 2025-07-09 00:57:15.279   [main] o.s.o.j.LocalContainerEntityManagerFactoryBean:447 - Initialized JPA EntityManagerFactory for persistence unit 'default'
[WARN ] 2025-07-09 00:57:16.877   [main] o.s.b.a.o.j.JpaBaseConfiguration$JpaWebConfiguration:258 - spring.jpa.open-in-view is enabled by default. Therefore, database queries may be performed during view rendering. Explicitly configure spring.jpa.open-in-view to disable this warning
[INFO ] 2025-07-09 00:57:18.380   [main] o.s.b.a.e.w.EndpointLinksResolver:60 - Exposing 1 endpoint beneath base path '/actuator'
[INFO ] 2025-07-09 00:57:18.497   [main] o.a.c.h.Http11NioProtocol:168 - Starting ProtocolHandler ["http-nio-8085"]
[INFO ] 2025-07-09 00:57:18.535   [main] o.s.b.w.e.t.TomcatWebServer:243 - Tomcat started on port 8085 (http) with context path '/'
[INFO ] 2025-07-09 00:57:18.565   [main] c.a.p.ProductCatalogServiceApplication:59 - Started ProductCatalogServiceApplication in 14.596 seconds (process running for 15.725)
[INFO ] 2025-07-09 00:57:55.743   [SpringApplicationShutdownHook] o.s.b.w.e.t.GracefulShutdown:54 - Commencing graceful shutdown. Waiting for active requests to complete
[INFO ] 2025-07-09 00:57:55.761   [tomcat-shutdown] o.s.b.w.e.t.GracefulShutdown:76 - Graceful shutdown complete
[INFO ] 2025-07-09 00:57:55.771   [SpringApplicationShutdownHook] o.s.o.j.LocalContainerEntityManagerFactoryBean:660 - Closing JPA EntityManagerFactory for persistence unit 'default'
[INFO ] 2025-07-09 00:57:55.778   [SpringApplicationShutdownHook] c.z.h.HikariDataSource:349 - HikariPool-1 - Shutdown initiated...
[INFO ] 2025-07-09 00:57:55.815   [SpringApplicationShutdownHook] c.z.h.HikariDataSource:351 - HikariPool-1 - Shutdown completed.
